0 verbose cli /usr/bin/node /usr/share/nodejs/npm/bin/npm-cli.js
1 info using npm@9.2.0
2 info using node@v18.19.1
3 timing npm:load:whichnode Completed in 0ms
4 timing config:load:defaults Completed in 3ms
5 timing config:load:file:/usr/share/nodejs/npm/npmrc Completed in 4ms
6 timing config:load:builtin Completed in 4ms
7 timing config:load:cli Completed in 3ms
8 timing config:load:env Completed in 0ms
9 timing config:load:file:/home/ubuntu/frontend/.npmrc Completed in 0ms
10 timing config:load:project Completed in 2ms
11 timing config:load:file:/home/ubuntu/.npmrc Completed in 0ms
12 timing config:load:user Completed in 1ms
13 timing config:load:file:/etc/npmrc Completed in 0ms
14 timing config:load:global Completed in 0ms
15 timing config:load:setEnvs Completed in 2ms
16 timing config:load Completed in 15ms
17 timing npm:load:configload Completed in 15ms
18 timing npm:load:mkdirpcache Completed in 1ms
19 timing npm:load:mkdirplogs Completed in 0ms
20 verbose title npm exec create-react-app frontend
21 verbose argv "exec" "--" "create-react-app" "frontend"
22 timing npm:load:setTitle Completed in 3ms
23 timing config:load:flatten Completed in 6ms
24 timing npm:load:display Completed in 8ms
25 verbose logfile logs-max:10 dir:/home/ubuntu/.npm/_logs/2024-07-07T02_55_04_153Z-
26 verbose logfile /home/ubuntu/.npm/_logs/2024-07-07T02_55_04_153Z-debug-0.log
27 timing npm:load:logFile Completed in 14ms
28 timing npm:load:timers Completed in 0ms
29 timing npm:load:configScope Completed in 0ms
30 timing npm:load Completed in 42ms
31 silly logfile start cleaning logs, removing 1 files
32 silly logfile done cleaning log files
33 timing arborist:ctor Completed in 1ms
34 http fetch GET 200 https://registry.npmjs.org/create-react-app 146ms (cache revalidated)
35 timing arborist:ctor Completed in 1ms
36 timing arborist:ctor Completed in 0ms
37 timing arborist:ctor Completed in 1ms
38 timing command:exec Completed in 132502ms
39 verbose exit 0
40 timing npm Completed in 132568ms
41 info ok
