0 verbose cli /usr/bin/node /usr/bin/npm
1 info using npm@9.2.0
2 info using node@v18.19.1
3 timing npm:load:whichnode Completed in 0ms
4 timing config:load:defaults Completed in 3ms
5 timing config:load:file:/usr/share/nodejs/npm/npmrc Completed in 8ms
6 timing config:load:builtin Completed in 8ms
7 timing config:load:cli Completed in 2ms
8 timing config:load:env Completed in 1ms
9 timing config:load:file:/home/ubuntu/frontend/.npmrc Completed in 0ms
10 timing config:load:project Completed in 2ms
11 timing config:load:file:/home/ubuntu/.npmrc Completed in 0ms
12 timing config:load:user Completed in 1ms
13 timing config:load:file:/etc/npmrc Completed in 0ms
14 timing config:load:global Completed in 0ms
15 timing config:load:setEnvs Completed in 2ms
16 timing config:load Completed in 19ms
17 timing npm:load:configload Completed in 20ms
18 timing npm:load:mkdirpcache Completed in 0ms
19 timing npm:load:mkdirplogs Completed in 1ms
20 verbose title npm start
21 verbose argv "start"
22 timing npm:load:setTitle Completed in 2ms
23 timing config:load:flatten Completed in 6ms
24 timing npm:load:display Completed in 8ms
25 verbose logfile logs-max:10 dir:/home/ubuntu/.npm/_logs/2024-07-07T02_57_42_825Z-
26 verbose logfile /home/ubuntu/.npm/_logs/2024-07-07T02_57_42_825Z-debug-0.log
27 timing npm:load:logFile Completed in 13ms
28 timing npm:load:timers Completed in 0ms
29 timing npm:load:configScope Completed in 0ms
30 timing npm:load Completed in 45ms
31 silly logfile start cleaning logs, removing 2 files
32 timing command:run-script Completed in 3ms
33 timing command:start Completed in 8ms
34 verbose stack Error: ENOENT: no such file or directory, open '/home/ubuntu/frontend/package.json'
35 verbose cwd /home/ubuntu/frontend
36 verbose Linux 6.8.0-1009-aws
37 verbose node v18.19.1
38 verbose npm  v9.2.0
39 error code ENOENT
40 error syscall open
41 error path /home/ubuntu/frontend/package.json
42 error errno -2
43 error enoent ENOENT: no such file or directory, open '/home/ubuntu/frontend/package.json'
44 error enoent This is related to npm not being able to find a file.
44 error enoent
45 verbose exit -2
46 timing npm Completed in 82ms
47 verbose code -2
48 error A complete log of this run can be found in:
48 error     /home/ubuntu/.npm/_logs/2024-07-07T02_57_42_825Z-debug-0.log
