0 verbose cli /usr/bin/node /usr/bin/npm
1 info using npm@9.2.0
2 info using node@v18.19.1
3 timing npm:load:whichnode Completed in 0ms
4 timing config:load:defaults Completed in 3ms
5 timing config:load:file:/usr/share/nodejs/npm/npmrc Completed in 5ms
6 timing config:load:builtin Completed in 6ms
7 timing config:load:cli Completed in 3ms
8 timing config:load:env Completed in 1ms
9 timing config:load:file:/home/ubuntu/frontend/frontend/.npmrc Completed in 0ms
10 timing config:load:project Completed in 2ms
11 timing config:load:file:/home/ubuntu/.npmrc Completed in 0ms
12 timing config:load:user Completed in 1ms
13 timing config:load:file:/etc/npmrc Completed in 0ms
14 timing config:load:global Completed in 0ms
15 timing config:load:setEnvs Completed in 1ms
16 timing config:load Completed in 18ms
17 timing npm:load:configload Completed in 18ms
18 timing npm:load:mkdirpcache Completed in 0ms
19 timing npm:load:mkdirplogs Completed in 0ms
20 verbose title npm install @testing-library/jest-dom@^5.14.1 @testing-library/react@^13.0.0 @testing-library/user-event@^13.2.1 web-vitals@^2.1.0
21 verbose argv "install" "--no-audit" "--save" "@testing-library/jest-dom@^5.14.1" "@testing-library/react@^13.0.0" "@testing-library/user-event@^13.2.1" "web-vitals@^2.1.0"
22 timing npm:load:setTitle Completed in 3ms
23 timing config:load:flatten Completed in 6ms
24 timing npm:load:display Completed in 8ms
25 verbose logfile logs-max:10 dir:/home/ubuntu/.npm/_logs/2024-07-07T02_56_58_930Z-
26 verbose logfile /home/ubuntu/.npm/_logs/2024-07-07T02_56_58_930Z-debug-0.log
27 timing npm:load:logFile Completed in 13ms
28 timing npm:load:timers Completed in 0ms
29 timing npm:load:configScope Completed in 0ms
30 timing npm:load Completed in 43ms
31 silly logfile start cleaning logs, removing 1 files
32 timing config:load:flatten Completed in 1ms
33 timing arborist:ctor Completed in 1ms
34 silly logfile done cleaning log files
35 timing idealTree:init Completed in 1687ms
36 timing idealTree:userRequests Completed in 10ms
37 silly idealTree buildDeps
38 silly fetch manifest @testing-library/jest-dom@^5.14.1
39 timing arborist:ctor Completed in 0ms
40 http fetch GET 200 https://registry.npmjs.org/@testing-library%2fjest-dom 1676ms (cache miss)
41 silly fetch manifest @testing-library/react@^13.0.0
42 http fetch GET 200 https://registry.npmjs.org/@testing-library%2freact 1658ms (cache miss)
43 silly fetch manifest react@^18.3.1
44 http fetch GET 200 https://registry.npmjs.org/react 21ms (cache hit)
45 silly fetch manifest react-dom@^18.3.1
46 http fetch GET 200 https://registry.npmjs.org/react-dom 12ms (cache hit)
47 silly fetch manifest @testing-library/user-event@^13.2.1
48 http fetch GET 200 https://registry.npmjs.org/@testing-library%2fuser-event 63ms (cache miss)
49 silly fetch manifest @testing-library/dom@>=7.21.4
50 http fetch GET 200 https://registry.npmjs.org/@testing-library%2fdom 1131ms (cache miss)
51 silly fetch manifest web-vitals@^2.1.0
52 http fetch GET 200 https://registry.npmjs.org/web-vitals 32ms (cache miss)
53 silly placeDep ROOT @testing-library/jest-dom@5.17.0 OK for: frontend@0.1.0 want: ^5.14.1
54 silly placeDep ROOT @testing-library/react@13.4.0 OK for: frontend@0.1.0 want: ^13.0.0
55 silly placeDep ROOT @testing-library/user-event@13.5.0 OK for: frontend@0.1.0 want: ^13.2.1
56 silly placeDep ROOT @testing-library/dom@10.3.1 OK for: @testing-library/user-event@13.5.0 want: >=7.21.4
57 silly placeDep ROOT web-vitals@2.1.4 OK for: frontend@0.1.0 want: ^2.1.0
58 silly fetch manifest chalk@^3.0.0
59 silly fetch manifest redent@^3.0.0
60 silly fetch manifest css.escape@^1.5.1
61 silly fetch manifest @adobe/css-tools@^4.0.1
62 silly fetch manifest dom-accessibility-api@^0.5.6
63 silly fetch manifest @types/testing-library__jest-dom@^5.9.1
64 silly fetch manifest @testing-library/dom@^8.5.0
65 silly fetch manifest @types/react-dom@^18.0.0
66 silly fetch manifest @types/aria-query@^5.0.1
67 silly fetch manifest aria-query@5.3.0
68 silly fetch manifest chalk@^4.1.0
69 silly fetch manifest dom-accessibility-api@^0.5.9
70 silly fetch manifest lz-string@^1.5.0
71 http fetch GET 200 https://registry.npmjs.org/redent 128ms (cache miss)
72 http fetch GET 200 https://registry.npmjs.org/css.escape 135ms (cache miss)
73 http fetch GET 200 https://registry.npmjs.org/chalk 137ms (cache hit)
74 http fetch GET 200 https://registry.npmjs.org/aria-query 133ms (cache hit)
75 http fetch GET 200 https://registry.npmjs.org/chalk 134ms (cache hit)
76 http fetch GET 200 https://registry.npmjs.org/lz-string 155ms (cache miss)
77 http fetch GET 200 https://registry.npmjs.org/@types%2faria-query 161ms (cache miss)
78 http fetch GET 200 https://registry.npmjs.org/dom-accessibility-api 162ms (cache miss)
79 http fetch GET 200 https://registry.npmjs.org/dom-accessibility-api 171ms (cache miss)
80 http fetch GET 200 https://registry.npmjs.org/@types%2freact-dom 174ms (cache miss)
81 http fetch GET 200 https://registry.npmjs.org/@adobe%2fcss-tools 291ms (cache miss)
82 http fetch GET 200 https://registry.npmjs.org/@types%2ftesting-library__jest-dom 1723ms (cache miss)
83 timing idealTree:#root Completed in 6408ms
84 silly placeDep ROOT @types/aria-query@5.0.4 OK for: @testing-library/dom@10.3.1 want: ^5.0.1
85 silly placeDep node_modules/@testing-library/dom aria-query@5.3.0 OK for: @testing-library/dom@10.3.1 want: 5.3.0
86 silly placeDep node_modules/@testing-library/dom chalk@4.1.2 OK for: @testing-library/dom@10.3.1 want: ^4.1.0
87 silly placeDep ROOT dom-accessibility-api@0.5.16 OK for: @testing-library/dom@10.3.1 want: ^0.5.9
88 silly placeDep ROOT lz-string@1.5.0 OK for: @testing-library/dom@10.3.1 want: ^1.5.0
89 silly fetch manifest dequal@^2.0.3
90 silly fetch manifest ansi-styles@^4.1.0
91 silly fetch manifest supports-color@^7.1.0
92 http fetch GET 200 https://registry.npmjs.org/ansi-styles 9ms (cache hit)
93 http fetch GET 200 https://registry.npmjs.org/supports-color 9ms (cache hit)
94 http fetch GET 200 https://registry.npmjs.org/dequal 28ms (cache miss)
95 timing idealTree:node_modules/@testing-library/dom Completed in 48ms
96 silly placeDep ROOT @adobe/css-tools@4.4.0 OK for: @testing-library/jest-dom@5.17.0 want: ^4.0.1
97 silly placeDep ROOT @types/testing-library__jest-dom@5.14.9 OK for: @testing-library/jest-dom@5.17.0 want: ^5.9.1
98 silly placeDep node_modules/@testing-library/jest-dom chalk@3.0.0 OK for: @testing-library/jest-dom@5.17.0 want: ^3.0.0
99 silly placeDep ROOT css.escape@1.5.1 OK for: @testing-library/jest-dom@5.17.0 want: ^1.5.1
100 silly placeDep ROOT redent@3.0.0 OK for: @testing-library/jest-dom@5.17.0 want: ^3.0.0
101 silly fetch manifest @types/jest@*
102 silly fetch manifest indent-string@^4.0.0
103 silly fetch manifest strip-indent@^3.0.0
104 http fetch GET 200 https://registry.npmjs.org/indent-string 26ms (cache miss)
105 http fetch GET 200 https://registry.npmjs.org/strip-indent 33ms (cache miss)
106 http fetch GET 200 https://registry.npmjs.org/@types%2fjest 53ms (cache miss)
107 timing idealTree:node_modules/@testing-library/jest-dom Completed in 72ms
108 timing idealTree:node_modules/@adobe/css-tools Completed in 0ms
109 silly placeDep node_modules/@testing-library/react @testing-library/dom@8.20.1 OK for: @testing-library/react@13.4.0 want: ^8.5.0
110 silly placeDep ROOT @types/react-dom@18.3.0 OK for: @testing-library/react@13.4.0 want: ^18.0.0
111 silly fetch manifest @types/react@*
112 http fetch GET 200 https://registry.npmjs.org/@types%2freact 49ms (cache miss)
113 timing idealTree:node_modules/@testing-library/react Completed in 64ms
114 timing idealTree:node_modules/@testing-library/user-event Completed in 0ms
115 timing idealTree:node_modules/@types/aria-query Completed in 0ms
116 silly placeDep ROOT @types/react@18.3.3 OK for: @types/react-dom@18.3.0 want: *
117 silly fetch manifest csstype@^3.0.2
118 silly fetch manifest @types/prop-types@*
119 http fetch GET 200 https://registry.npmjs.org/csstype 29ms (cache miss)
120 http fetch GET 200 https://registry.npmjs.org/@types%2fprop-types 33ms (cache miss)
121 timing idealTree:node_modules/@types/react-dom Completed in 39ms
122 silly placeDep ROOT @types/prop-types@15.7.12 OK for: @types/react@18.3.3 want: *
123 silly placeDep ROOT csstype@3.1.3 OK for: @types/react@18.3.3 want: ^3.0.2
124 timing idealTree:node_modules/@types/react Completed in 5ms
125 timing idealTree:node_modules/@types/prop-types Completed in 0ms
126 silly placeDep ROOT @types/jest@29.5.12 OK for: @types/testing-library__jest-dom@5.14.9 want: *
127 silly fetch manifest expect@^29.0.0
128 silly fetch manifest pretty-format@^29.0.0
129 http fetch GET 200 https://registry.npmjs.org/expect 10ms (cache hit)
130 http fetch GET 200 https://registry.npmjs.org/pretty-format 12ms (cache hit)
131 timing idealTree:node_modules/@types/testing-library__jest-dom Completed in 19ms
132 silly placeDep node_modules/@types/jest expect@29.7.0 OK for: @types/jest@29.5.12 want: ^29.0.0
133 silly placeDep node_modules/@types/jest pretty-format@29.7.0 OK for: @types/jest@29.5.12 want: ^29.0.0
134 silly fetch manifest jest-util@^29.7.0
135 silly fetch manifest jest-get-type@^29.6.3
136 silly fetch manifest jest-message-util@^29.7.0
137 silly fetch manifest @jest/expect-utils@^29.7.0
138 silly fetch manifest jest-matcher-utils@^29.7.0
139 silly fetch manifest react-is@^18.0.0
140 silly fetch manifest ansi-styles@^5.0.0
141 silly fetch manifest @jest/schemas@^29.6.3
142 http fetch GET 200 https://registry.npmjs.org/jest-util 33ms (cache hit)
143 http fetch GET 200 https://registry.npmjs.org/jest-get-type 36ms (cache hit)
144 http fetch GET 200 https://registry.npmjs.org/jest-message-util 37ms (cache hit)
145 http fetch GET 200 https://registry.npmjs.org/jest-matcher-utils 39ms (cache hit)
146 http fetch GET 200 https://registry.npmjs.org/react-is 44ms (cache hit)
147 http fetch GET 200 https://registry.npmjs.org/@jest%2fschemas 53ms (cache hit)
148 http fetch GET 200 https://registry.npmjs.org/@jest%2fexpect-utils 63ms (cache miss)
149 timing idealTree:node_modules/@types/jest Completed in 73ms
150 timing idealTree:node_modules/css.escape Completed in 0ms
151 timing idealTree:node_modules/csstype Completed in 0ms
152 timing idealTree:node_modules/dom-accessibility-api Completed in 0ms
153 timing idealTree:node_modules/lz-string Completed in 0ms
154 silly fetch manifest typescript@^3.2.1 || ^4
155 http fetch GET 200 https://registry.npmjs.org/typescript 70ms (cache hit)
156 silly placeDep ROOT typescript@4.9.5 REPLACE for: react-scripts@5.0.1 want: ^3.2.1 || ^4
157 timing idealTree:node_modules/react-scripts Completed in 218ms
158 silly placeDep ROOT indent-string@4.0.0 OK for: redent@3.0.0 want: ^4.0.0
159 silly placeDep ROOT strip-indent@3.0.0 OK for: redent@3.0.0 want: ^3.0.0
160 silly fetch manifest min-indent@^1.0.0
161 http fetch GET 200 https://registry.npmjs.org/min-indent 30ms (cache miss)
162 timing idealTree:node_modules/redent Completed in 36ms
163 timing idealTree:node_modules/indent-string Completed in 0ms
164 silly placeDep ROOT min-indent@1.0.1 OK for: strip-indent@3.0.0 want: ^1.0.0
165 timing idealTree:node_modules/strip-indent Completed in 3ms
166 timing idealTree:node_modules/min-indent Completed in 0ms
167 timing idealTree:node_modules/typescript Completed in 0ms
168 timing idealTree:node_modules/web-vitals Completed in 0ms
169 silly placeDep ROOT dequal@2.0.3 OK for: aria-query@5.3.0 want: ^2.0.3
170 timing idealTree:node_modules/@testing-library/dom/node_modules/aria-query Completed in 2ms
171 timing idealTree:node_modules/dequal Completed in 0ms
172 silly placeDep node_modules/@testing-library/dom ansi-styles@4.3.0 OK for: chalk@4.1.2 want: ^4.1.0
173 silly placeDep node_modules/@testing-library/dom supports-color@7.2.0 OK for: chalk@4.1.2 want: ^7.1.0
174 silly fetch manifest color-convert@^2.0.1
175 silly fetch manifest has-flag@^4.0.0
176 http fetch GET 200 https://registry.npmjs.org/color-convert 11ms (cache hit)
177 http fetch GET 200 https://registry.npmjs.org/has-flag 11ms (cache hit)
178 timing idealTree:node_modules/@testing-library/dom/node_modules/chalk Completed in 18ms
179 silly placeDep node_modules/@testing-library/dom color-convert@2.0.1 OK for: ansi-styles@4.3.0 want: ^2.0.1
180 silly fetch manifest color-name@~1.1.4
181 http fetch GET 200 https://registry.npmjs.org/color-name 3ms (cache hit)
182 timing idealTree:node_modules/@testing-library/dom/node_modules/ansi-styles Completed in 7ms
183 silly placeDep node_modules/@testing-library/dom color-name@1.1.4 OK for: color-convert@2.0.1 want: ~1.1.4
184 timing idealTree:node_modules/@testing-library/dom/node_modules/color-convert Completed in 2ms
185 timing idealTree:node_modules/@testing-library/dom/node_modules/color-name Completed in 0ms
186 silly placeDep node_modules/@testing-library/dom has-flag@4.0.0 OK for: supports-color@7.2.0 want: ^4.0.0
187 timing idealTree:node_modules/@testing-library/dom/node_modules/supports-color Completed in 1ms
188 timing idealTree:node_modules/@testing-library/dom/node_modules/has-flag Completed in 0ms
189 silly placeDep node_modules/@testing-library/jest-dom ansi-styles@4.3.0 OK for: chalk@3.0.0 want: ^4.1.0
190 silly placeDep node_modules/@testing-library/jest-dom supports-color@7.2.0 OK for: chalk@3.0.0 want: ^7.1.0
191 timing idealTree:node_modules/@testing-library/jest-dom/node_modules/chalk Completed in 4ms
192 silly placeDep node_modules/@testing-library/jest-dom color-convert@2.0.1 OK for: ansi-styles@4.3.0 want: ^2.0.1
193 timing idealTree:node_modules/@testing-library/jest-dom/node_modules/ansi-styles Completed in 3ms
194 silly placeDep node_modules/@testing-library/jest-dom color-name@1.1.4 OK for: color-convert@2.0.1 want: ~1.1.4
195 timing idealTree:node_modules/@testing-library/jest-dom/node_modules/color-convert Completed in 2ms
196 timing idealTree:node_modules/@testing-library/jest-dom/node_modules/color-name Completed in 0ms
197 silly placeDep node_modules/@testing-library/jest-dom has-flag@4.0.0 OK for: supports-color@7.2.0 want: ^4.0.0
198 timing idealTree:node_modules/@testing-library/jest-dom/node_modules/supports-color Completed in 2ms
199 timing idealTree:node_modules/@testing-library/jest-dom/node_modules/has-flag Completed in 0ms
200 silly placeDep node_modules/@testing-library/react chalk@4.1.2 OK for: @testing-library/dom@8.20.1 want: ^4.1.0
201 timing idealTree:node_modules/@testing-library/react/node_modules/@testing-library/dom Completed in 3ms
202 silly placeDep node_modules/@testing-library/react ansi-styles@4.3.0 OK for: chalk@4.1.2 want: ^4.1.0
203 silly placeDep node_modules/@testing-library/react supports-color@7.2.0 OK for: chalk@4.1.2 want: ^7.1.0
204 timing idealTree:node_modules/@testing-library/react/node_modules/chalk Completed in 5ms
205 silly placeDep node_modules/@testing-library/react color-convert@2.0.1 OK for: ansi-styles@4.3.0 want: ^2.0.1
206 timing idealTree:node_modules/@testing-library/react/node_modules/ansi-styles Completed in 3ms
207 silly placeDep node_modules/@testing-library/react color-name@1.1.4 OK for: color-convert@2.0.1 want: ~1.1.4
208 timing idealTree:node_modules/@testing-library/react/node_modules/color-convert Completed in 2ms
209 timing idealTree:node_modules/@testing-library/react/node_modules/color-name Completed in 0ms
210 silly placeDep node_modules/@testing-library/react has-flag@4.0.0 OK for: supports-color@7.2.0 want: ^4.0.0
211 timing idealTree:node_modules/@testing-library/react/node_modules/supports-color Completed in 3ms
212 timing idealTree:node_modules/@testing-library/react/node_modules/has-flag Completed in 0ms
213 silly placeDep ROOT @jest/expect-utils@29.7.0 OK for: expect@29.7.0 want: ^29.7.0
214 silly placeDep node_modules/@types/jest jest-get-type@29.6.3 OK for: expect@29.7.0 want: ^29.6.3
215 silly placeDep node_modules/@types/jest jest-matcher-utils@29.7.0 OK for: expect@29.7.0 want: ^29.7.0
216 silly placeDep node_modules/@types/jest jest-message-util@29.7.0 OK for: expect@29.7.0 want: ^29.7.0
217 silly placeDep node_modules/@types/jest jest-util@29.7.0 OK for: expect@29.7.0 want: ^29.7.0
218 silly fetch manifest chalk@^4.0.0
219 silly fetch manifest jest-diff@^29.7.0
220 silly fetch manifest @jest/types@^29.6.3
221 http fetch GET 200 https://registry.npmjs.org/jest-diff 9ms (cache hit)
222 http fetch GET 200 https://registry.npmjs.org/@jest%2ftypes 13ms (cache hit)
223 timing idealTree:node_modules/@types/jest/node_modules/expect Completed in 32ms
224 silly placeDep node_modules/@jest/expect-utils jest-get-type@29.6.3 OK for: @jest/expect-utils@29.7.0 want: ^29.6.3
225 timing idealTree:node_modules/@jest/expect-utils Completed in 2ms
226 timing idealTree:node_modules/@jest/expect-utils/node_modules/jest-get-type Completed in 0ms
227 timing idealTree:node_modules/@types/jest/node_modules/jest-get-type Completed in 0ms
228 silly placeDep node_modules/@types/jest chalk@4.1.2 OK for: jest-matcher-utils@29.7.0 want: ^4.0.0
229 silly placeDep node_modules/@types/jest jest-diff@29.7.0 OK for: jest-matcher-utils@29.7.0 want: ^29.7.0
230 silly fetch manifest diff-sequences@^29.6.3
231 http fetch GET 200 https://registry.npmjs.org/diff-sequences 9ms (cache hit)
232 timing idealTree:node_modules/@types/jest/node_modules/jest-matcher-utils Completed in 16ms
233 silly placeDep node_modules/@types/jest ansi-styles@4.3.0 OK for: chalk@4.1.2 want: ^4.1.0
234 silly placeDep node_modules/@types/jest supports-color@7.2.0 OK for: chalk@4.1.2 want: ^7.1.0
235 timing idealTree:node_modules/@types/jest/node_modules/chalk Completed in 5ms
236 silly placeDep node_modules/@types/jest color-convert@2.0.1 OK for: ansi-styles@4.3.0 want: ^2.0.1
237 timing idealTree:node_modules/@types/jest/node_modules/ansi-styles Completed in 2ms
238 silly placeDep node_modules/@types/jest color-name@1.1.4 OK for: color-convert@2.0.1 want: ~1.1.4
239 timing idealTree:node_modules/@types/jest/node_modules/color-convert Completed in 2ms
240 timing idealTree:node_modules/@types/jest/node_modules/color-name Completed in 0ms
241 silly placeDep node_modules/@types/jest diff-sequences@29.6.3 OK for: jest-diff@29.7.0 want: ^29.6.3
242 timing idealTree:node_modules/@types/jest/node_modules/jest-diff Completed in 2ms
243 timing idealTree:node_modules/@types/jest/node_modules/diff-sequences Completed in 0ms
244 silly placeDep node_modules/@types/jest @jest/types@29.6.3 OK for: jest-message-util@29.7.0 want: ^29.6.3
245 silly fetch manifest @types/yargs@^17.0.8
246 http fetch GET 200 https://registry.npmjs.org/@types%2fyargs 6ms (cache hit)
247 timing idealTree:node_modules/@types/jest/node_modules/jest-message-util Completed in 11ms
248 silly placeDep node_modules/@types/jest @jest/schemas@29.6.3 OK for: @jest/types@29.6.3 want: ^29.6.3
249 silly placeDep node_modules/@types/jest @types/yargs@17.0.32 OK for: @jest/types@29.6.3 want: ^17.0.8
250 silly fetch manifest @sinclair/typebox@^0.27.8
251 http fetch GET 200 https://registry.npmjs.org/@sinclair%2ftypebox 8ms (cache hit)
252 timing idealTree:node_modules/@types/jest/node_modules/@jest/types Completed in 18ms
253 silly placeDep node_modules/@types/jest @sinclair/typebox@0.27.8 OK for: @jest/schemas@29.6.3 want: ^0.27.8
254 timing idealTree:node_modules/@types/jest/node_modules/@jest/schemas Completed in 2ms
255 timing idealTree:node_modules/@types/jest/node_modules/@sinclair/typebox Completed in 0ms
256 timing idealTree:node_modules/@types/jest/node_modules/@types/yargs Completed in 0ms
257 timing idealTree:node_modules/@types/jest/node_modules/jest-util Completed in 0ms
258 silly placeDep node_modules/@types/jest/node_modules/pretty-format ansi-styles@5.2.0 OK for: pretty-format@29.7.0 want: ^5.0.0
259 silly placeDep node_modules/@types/jest react-is@18.3.1 OK for: pretty-format@29.7.0 want: ^18.0.0
260 timing idealTree:node_modules/@types/jest/node_modules/pretty-format Completed in 3ms
261 timing idealTree:node_modules/@types/jest/node_modules/react-is Completed in 0ms
262 silly placeDep node_modules/@types/jest has-flag@4.0.0 OK for: supports-color@7.2.0 want: ^4.0.0
263 timing idealTree:node_modules/@types/jest/node_modules/supports-color Completed in 2ms
264 timing idealTree:node_modules/@types/jest/node_modules/has-flag Completed in 0ms
265 timing idealTree:node_modules/@types/jest/node_modules/pretty-format/node_modules/ansi-styles Completed in 0ms
266 timing idealTree:buildDeps Completed in 7153ms
267 timing idealTree:fixDepFlags Completed in 40ms
268 timing idealTree Completed in 8922ms
269 timing reify:loadTrees Completed in 8924ms
270 timing reify:diffTrees Completed in 39ms
271 silly reify mark retired [
271 silly reify   '/home/ubuntu/frontend/frontend/node_modules/typescript',
271 silly reify   '/home/ubuntu/frontend/frontend/node_modules/.bin/tsc',
271 silly reify   '/home/ubuntu/frontend/frontend/node_modules/.bin/tsserver'
271 silly reify ]
272 silly reify moves {
272 silly reify   '/home/ubuntu/frontend/frontend/node_modules/typescript': '/home/ubuntu/frontend/frontend/node_modules/.typescript-LEgwDMrK',
272 silly reify   '/home/ubuntu/frontend/frontend/node_modules/.bin/tsc': '/home/ubuntu/frontend/frontend/node_modules/.bin/.tsc-2gvGHgcH',
272 silly reify   '/home/ubuntu/frontend/frontend/node_modules/.bin/tsserver': '/home/ubuntu/frontend/frontend/node_modules/.bin/.tsserver-RTrHGkug'
272 silly reify }
273 timing reify:retireShallow Completed in 23ms
274 timing reify:createSparse Completed in 26ms
275 timing reify:loadBundles Completed in 0ms
276 verbose reify failed optional dependency /home/ubuntu/frontend/frontend/node_modules/fsevents
277 silly reify mark deleted [ '/home/ubuntu/frontend/frontend/node_modules/fsevents' ]
278 timing reifyNode:node_modules/fsevents Completed in 22ms
279 silly tarball no local data for @jest/expect-utils@https://registry.npmjs.org/@jest/expect-utils/-/expect-utils-29.7.0.tgz. Extracting by manifest.
280 silly tarball no local data for dequal@https://registry.npmjs.org/dequal/-/dequal-2.0.3.tgz. Extracting by manifest.
281 silly tarball no local data for strip-indent@https://registry.npmjs.org/strip-indent/-/strip-indent-3.0.0.tgz. Extracting by manifest.
282 silly tarball no local data for min-indent@https://registry.npmjs.org/min-indent/-/min-indent-1.0.1.tgz. Extracting by manifest.
283 silly tarball no local data for indent-string@https://registry.npmjs.org/indent-string/-/indent-string-4.0.0.tgz. Extracting by manifest.
284 silly tarball no local data for @types/jest@https://registry.npmjs.org/@types/jest/-/jest-29.5.12.tgz. Extracting by manifest.
285 silly tarball no local data for csstype@https://registry.npmjs.org/csstype/-/csstype-3.1.3.tgz. Extracting by manifest.
286 silly tarball no local data for @types/prop-types@https://registry.npmjs.org/@types/prop-types/-/prop-types-15.7.12.tgz. Extracting by manifest.
287 silly tarball no local data for @types/react@https://registry.npmjs.org/@types/react/-/react-18.3.3.tgz. Extracting by manifest.
288 silly tarball no local data for @types/react-dom@https://registry.npmjs.org/@types/react-dom/-/react-dom-18.3.0.tgz. Extracting by manifest.
289 silly tarball no local data for redent@https://registry.npmjs.org/redent/-/redent-3.0.0.tgz. Extracting by manifest.
290 silly tarball no local data for css.escape@https://registry.npmjs.org/css.escape/-/css.escape-1.5.1.tgz. Extracting by manifest.
291 silly tarball no local data for @types/testing-library__jest-dom@https://registry.npmjs.org/@types/testing-library__jest-dom/-/testing-library__jest-dom-5.14.9.tgz. Extracting by manifest.
292 silly tarball no local data for lz-string@https://registry.npmjs.org/lz-string/-/lz-string-1.5.0.tgz. Extracting by manifest.
293 silly tarball no local data for @adobe/css-tools@https://registry.npmjs.org/@adobe/css-tools/-/css-tools-4.4.0.tgz. Extracting by manifest.
294 silly tarball no local data for dom-accessibility-api@https://registry.npmjs.org/dom-accessibility-api/-/dom-accessibility-api-0.5.16.tgz. Extracting by manifest.
295 silly tarball no local data for @types/aria-query@https://registry.npmjs.org/@types/aria-query/-/aria-query-5.0.4.tgz. Extracting by manifest.
296 silly tarball no local data for web-vitals@https://registry.npmjs.org/web-vitals/-/web-vitals-2.1.4.tgz. Extracting by manifest.
297 silly tarball no local data for @testing-library/dom@https://registry.npmjs.org/@testing-library/dom/-/dom-10.3.1.tgz. Extracting by manifest.
298 silly tarball no local data for @testing-library/user-event@https://registry.npmjs.org/@testing-library/user-event/-/user-event-13.5.0.tgz. Extracting by manifest.
299 silly tarball no local data for @testing-library/react@https://registry.npmjs.org/@testing-library/react/-/react-13.4.0.tgz. Extracting by manifest.
300 silly tarball no local data for @testing-library/jest-dom@https://registry.npmjs.org/@testing-library/jest-dom/-/jest-dom-5.17.0.tgz. Extracting by manifest.
301 silly tarball no local data for jest-get-type@https://registry.npmjs.org/jest-get-type/-/jest-get-type-29.6.3.tgz. Extracting by manifest.
302 silly tarball no local data for @sinclair/typebox@https://registry.npmjs.org/@sinclair/typebox/-/typebox-0.27.8.tgz. Extracting by manifest.
303 silly tarball no local data for @jest/schemas@https://registry.npmjs.org/@jest/schemas/-/schemas-29.6.3.tgz. Extracting by manifest.
304 silly tarball no local data for @jest/types@https://registry.npmjs.org/@jest/types/-/types-29.6.3.tgz. Extracting by manifest.
305 silly tarball no local data for diff-sequences@https://registry.npmjs.org/diff-sequences/-/diff-sequences-29.6.3.tgz. Extracting by manifest.
306 silly tarball no local data for jest-diff@https://registry.npmjs.org/jest-diff/-/jest-diff-29.7.0.tgz. Extracting by manifest.
307 silly tarball no local data for jest-util@https://registry.npmjs.org/jest-util/-/jest-util-29.7.0.tgz. Extracting by manifest.
308 silly tarball no local data for jest-message-util@https://registry.npmjs.org/jest-message-util/-/jest-message-util-29.7.0.tgz. Extracting by manifest.
309 silly tarball no local data for jest-matcher-utils@https://registry.npmjs.org/jest-matcher-utils/-/jest-matcher-utils-29.7.0.tgz. Extracting by manifest.
310 silly tarball no local data for jest-get-type@https://registry.npmjs.org/jest-get-type/-/jest-get-type-29.6.3.tgz. Extracting by manifest.
311 silly tarball no local data for pretty-format@https://registry.npmjs.org/pretty-format/-/pretty-format-29.7.0.tgz. Extracting by manifest.
312 silly tarball no local data for expect@https://registry.npmjs.org/expect/-/expect-29.7.0.tgz. Extracting by manifest.
313 silly tarball no local data for aria-query@https://registry.npmjs.org/aria-query/-/aria-query-5.3.0.tgz. Extracting by manifest.
314 silly tarball no local data for @testing-library/dom@https://registry.npmjs.org/@testing-library/dom/-/dom-8.20.1.tgz. Extracting by manifest.
315 silly tarball no local data for chalk@https://registry.npmjs.org/chalk/-/chalk-3.0.0.tgz. Extracting by manifest.
316 timing reifyNode:node_modules/@types/jest/node_modules/color-name Completed in 981ms
317 timing reifyNode:node_modules/@testing-library/dom/node_modules/color-name Completed in 982ms
318 timing reifyNode:node_modules/@testing-library/react/node_modules/color-name Completed in 982ms
319 timing reifyNode:node_modules/@testing-library/jest-dom/node_modules/color-name Completed in 982ms
320 timing reifyNode:node_modules/@types/jest/node_modules/has-flag Completed in 996ms
321 timing reifyNode:node_modules/@types/jest/node_modules/supports-color Completed in 996ms
322 timing reifyNode:node_modules/@testing-library/dom/node_modules/has-flag Completed in 996ms
323 timing reifyNode:node_modules/@testing-library/dom/node_modules/supports-color Completed in 996ms
324 timing reifyNode:node_modules/@testing-library/react/node_modules/has-flag Completed in 995ms
325 timing reifyNode:node_modules/@testing-library/react/node_modules/supports-color Completed in 995ms
326 timing reifyNode:node_modules/@testing-library/jest-dom/node_modules/has-flag Completed in 995ms
327 timing reifyNode:node_modules/@testing-library/jest-dom/node_modules/supports-color Completed in 995ms
328 timing reifyNode:node_modules/@types/jest/node_modules/ansi-styles Completed in 1010ms
329 timing reifyNode:node_modules/@types/jest/node_modules/pretty-format/node_modules/ansi-styles Completed in 1011ms
330 timing reifyNode:node_modules/@testing-library/dom/node_modules/ansi-styles Completed in 1011ms
331 timing reifyNode:node_modules/@testing-library/react/node_modules/ansi-styles Completed in 1012ms
332 http fetch GET 200 https://registry.npmjs.org/dequal/-/dequal-2.0.3.tgz 949ms (cache miss)
333 timing reifyNode:node_modules/@testing-library/jest-dom/node_modules/ansi-styles Completed in 1014ms
334 http fetch GET 200 https://registry.npmjs.org/indent-string/-/indent-string-4.0.0.tgz 956ms (cache miss)
335 timing reifyNode:node_modules/indent-string Completed in 1028ms
336 http fetch GET 200 https://registry.npmjs.org/strip-indent/-/strip-indent-3.0.0.tgz 959ms (cache miss)
337 timing reifyNode:node_modules/strip-indent Completed in 1029ms
338 http fetch GET 200 https://registry.npmjs.org/min-indent/-/min-indent-1.0.1.tgz 987ms (cache miss)
339 timing reifyNode:node_modules/min-indent Completed in 1057ms
340 timing reifyNode:node_modules/@types/jest/node_modules/color-convert Completed in 1057ms
341 timing reifyNode:node_modules/@testing-library/dom/node_modules/color-convert Completed in 1056ms
342 timing reifyNode:node_modules/@testing-library/react/node_modules/color-convert Completed in 1056ms
343 timing reifyNode:node_modules/@testing-library/jest-dom/node_modules/color-convert Completed in 1055ms
344 http fetch GET 200 https://registry.npmjs.org/@types/prop-types/-/prop-types-15.7.12.tgz 985ms (cache miss)
345 timing reifyNode:node_modules/@types/prop-types Completed in 1058ms
346 http fetch GET 200 https://registry.npmjs.org/jest-get-type/-/jest-get-type-29.6.3.tgz 954ms (cache miss)
347 timing reifyNode:node_modules/@jest/expect-utils/node_modules/jest-get-type Completed in 1062ms
348 http fetch GET 200 https://registry.npmjs.org/@jest/schemas/-/schemas-29.6.3.tgz 957ms (cache miss)
349 timing reifyNode:node_modules/@types/jest/node_modules/@jest/schemas Completed in 1068ms
350 http fetch GET 200 https://registry.npmjs.org/jest-util/-/jest-util-29.7.0.tgz 955ms (cache miss)
351 http fetch GET 200 https://registry.npmjs.org/@jest/types/-/types-29.6.3.tgz 961ms (cache miss)
352 timing reifyNode:node_modules/@types/jest/node_modules/chalk Completed in 1073ms
353 timing reifyNode:node_modules/@testing-library/dom/node_modules/chalk Completed in 1071ms
354 timing reifyNode:node_modules/@testing-library/react/node_modules/chalk Completed in 1071ms
355 http fetch GET 200 https://registry.npmjs.org/@jest/expect-utils/-/expect-utils-29.7.0.tgz 1012ms (cache miss)
356 timing reifyNode:node_modules/@types/jest/node_modules/react-is Completed in 1080ms
357 timing reifyNode:node_modules/@types/jest/node_modules/@types/yargs Completed in 1081ms
358 http fetch GET 200 https://registry.npmjs.org/jest-message-util/-/jest-message-util-29.7.0.tgz 964ms (cache miss)
359 http fetch GET 200 https://registry.npmjs.org/redent/-/redent-3.0.0.tgz 1003ms (cache miss)
360 timing reifyNode:node_modules/redent Completed in 1081ms
361 http fetch GET 200 https://registry.npmjs.org/@types/aria-query/-/aria-query-5.0.4.tgz 993ms (cache miss)
362 timing reifyNode:node_modules/@types/aria-query Completed in 1082ms
363 timing reifyNode:node_modules/@types/jest/node_modules/jest-message-util Completed in 1083ms
364 http fetch GET 200 https://registry.npmjs.org/css.escape/-/css.escape-1.5.1.tgz 1006ms (cache miss)
365 timing reifyNode:node_modules/css.escape Completed in 1086ms
366 timing reifyNode:node_modules/@jest/expect-utils Completed in 1092ms
367 http fetch GET 200 https://registry.npmjs.org/jest-matcher-utils/-/jest-matcher-utils-29.7.0.tgz 969ms (cache miss)
368 http fetch GET 200 https://registry.npmjs.org/jest-get-type/-/jest-get-type-29.6.3.tgz 968ms (cache miss)
369 timing reifyNode:node_modules/@types/jest/node_modules/jest-get-type Completed in 1090ms
370 timing reifyNode:node_modules/dequal Completed in 1094ms
371 timing reifyNode:node_modules/@types/jest/node_modules/jest-matcher-utils Completed in 1102ms
372 timing reifyNode:node_modules/@types/jest/node_modules/@jest/types Completed in 1105ms
373 http fetch GET 200 https://registry.npmjs.org/@types/testing-library__jest-dom/-/testing-library__jest-dom-5.14.9.tgz 1024ms (cache miss)
374 timing reifyNode:node_modules/@types/testing-library__jest-dom Completed in 1105ms
375 http fetch GET 200 https://registry.npmjs.org/diff-sequences/-/diff-sequences-29.6.3.tgz 1008ms (cache miss)
376 timing reifyNode:node_modules/@types/jest/node_modules/diff-sequences Completed in 1121ms
377 http fetch GET 200 https://registry.npmjs.org/@types/jest/-/jest-29.5.12.tgz 1065ms (cache miss)
378 timing reifyNode:node_modules/@types/jest Completed in 1137ms
379 http fetch GET 200 https://registry.npmjs.org/chalk/-/chalk-3.0.0.tgz 998ms (cache miss)
380 timing reifyNode:node_modules/@testing-library/jest-dom/node_modules/chalk Completed in 1142ms
381 http fetch GET 200 https://registry.npmjs.org/jest-diff/-/jest-diff-29.7.0.tgz 1032ms (cache miss)
382 http fetch GET 200 https://registry.npmjs.org/@types/react-dom/-/react-dom-18.3.0.tgz 1074ms (cache miss)
383 timing reifyNode:node_modules/@types/react-dom Completed in 1150ms
384 timing reifyNode:node_modules/@types/jest/node_modules/jest-diff Completed in 1158ms
385 http fetch GET 200 https://registry.npmjs.org/pretty-format/-/pretty-format-29.7.0.tgz 1037ms (cache miss)
386 http fetch GET 200 https://registry.npmjs.org/expect/-/expect-29.7.0.tgz 1023ms (cache miss)
387 timing reifyNode:node_modules/@types/jest/node_modules/expect Completed in 1168ms
388 timing reifyNode:node_modules/@types/jest/node_modules/pretty-format Completed in 1170ms
389 timing reifyNode:node_modules/@types/jest/node_modules/jest-util Completed in 1180ms
390 http fetch GET 200 https://registry.npmjs.org/@adobe/css-tools/-/css-tools-4.4.0.tgz 1125ms (cache miss)
391 timing reifyNode:node_modules/@adobe/css-tools Completed in 1209ms
392 http fetch GET 200 https://registry.npmjs.org/@types/react/-/react-18.3.3.tgz 1136ms (cache miss)
393 timing reifyNode:node_modules/@types/react Completed in 1217ms
394 http fetch GET 200 https://registry.npmjs.org/lz-string/-/lz-string-1.5.0.tgz 1153ms (cache miss)
395 timing reifyNode:node_modules/lz-string Completed in 1242ms
396 http fetch GET 200 https://registry.npmjs.org/@testing-library/jest-dom/-/jest-dom-5.17.0.tgz 1155ms (cache miss)
397 timing reifyNode:node_modules/@testing-library/jest-dom Completed in 1258ms
398 http fetch GET 200 https://registry.npmjs.org/@sinclair/typebox/-/typebox-0.27.8.tgz 1219ms (cache miss)
399 http fetch GET 200 https://registry.npmjs.org/dom-accessibility-api/-/dom-accessibility-api-0.5.16.tgz 1243ms (cache miss)
400 timing reifyNode:node_modules/@types/jest/node_modules/@sinclair/typebox Completed in 1338ms
401 timing reifyNode:node_modules/dom-accessibility-api Completed in 1341ms
402 http fetch GET 200 https://registry.npmjs.org/csstype/-/csstype-3.1.3.tgz 1297ms (cache miss)
403 timing reifyNode:node_modules/csstype Completed in 1369ms
404 http fetch GET 200 https://registry.npmjs.org/web-vitals/-/web-vitals-2.1.4.tgz 1289ms (cache miss)
405 timing reifyNode:node_modules/web-vitals Completed in 1379ms
406 http fetch GET 200 https://registry.npmjs.org/@testing-library/user-event/-/user-event-13.5.0.tgz 1329ms (cache miss)
407 timing reifyNode:node_modules/@testing-library/user-event Completed in 1429ms
408 http fetch GET 200 https://registry.npmjs.org/aria-query/-/aria-query-5.3.0.tgz 1307ms (cache miss)
409 timing reifyNode:node_modules/@testing-library/dom/node_modules/aria-query Completed in 1448ms
410 http fetch GET 200 https://registry.npmjs.org/@testing-library/dom/-/dom-10.3.1.tgz 1378ms (cache miss)
411 timing reifyNode:node_modules/@testing-library/dom Completed in 1470ms
412 http fetch GET 200 https://registry.npmjs.org/@testing-library/react/-/react-13.4.0.tgz 1397ms (cache miss)
413 timing reifyNode:node_modules/@testing-library/react Completed in 1499ms
414 http fetch GET 200 https://registry.npmjs.org/@testing-library/dom/-/dom-8.20.1.tgz 1567ms (cache miss)
415 timing reifyNode:node_modules/@testing-library/react/node_modules/@testing-library/dom Completed in 1709ms
416 timing reifyNode:node_modules/typescript Completed in 1818ms
417 timing reify:unpack Completed in 1829ms
418 timing reify:unretire Completed in 1ms
419 timing build:queue Completed in 4ms
420 timing build:link:node_modules/lz-string Completed in 5ms
421 timing build:link:node_modules/typescript Completed in 4ms
422 timing build:link Completed in 5ms
423 timing build:deps Completed in 9ms
424 timing build Completed in 10ms
425 timing reify:build Completed in 11ms
426 timing reify:trash Completed in 14ms
427 timing reify:save Completed in 730ms
428 timing reify Completed in 11981ms
429 silly ADD node_modules/@jest/expect-utils
430 silly ADD node_modules/@jest/expect-utils/node_modules/jest-get-type
431 silly ADD node_modules/dequal
432 silly ADD node_modules/min-indent
433 silly ADD node_modules/strip-indent
434 silly ADD node_modules/indent-string
435 silly ADD node_modules/@types/jest
436 silly ADD node_modules/@types/jest/node_modules/has-flag
437 silly ADD node_modules/@types/jest/node_modules/react-is
438 silly ADD node_modules/@types/jest/node_modules/@sinclair/typebox
439 silly ADD node_modules/@types/jest/node_modules/@types/yargs
440 silly ADD node_modules/@types/jest/node_modules/@jest/schemas
441 silly ADD node_modules/@types/jest/node_modules/@jest/types
442 silly ADD node_modules/@types/jest/node_modules/diff-sequences
443 silly ADD node_modules/@types/jest/node_modules/color-name
444 silly ADD node_modules/@types/jest/node_modules/color-convert
445 silly ADD node_modules/@types/jest/node_modules/supports-color
446 silly ADD node_modules/@types/jest/node_modules/ansi-styles
447 silly ADD node_modules/@types/jest/node_modules/jest-diff
448 silly ADD node_modules/@types/jest/node_modules/chalk
449 silly ADD node_modules/@types/jest/node_modules/jest-util
450 silly ADD node_modules/@types/jest/node_modules/jest-message-util
451 silly ADD node_modules/@types/jest/node_modules/jest-matcher-utils
452 silly ADD node_modules/@types/jest/node_modules/jest-get-type
453 silly ADD node_modules/@types/jest/node_modules/pretty-format
454 silly ADD node_modules/@types/jest/node_modules/pretty-format/node_modules/ansi-styles
455 silly ADD node_modules/@types/jest/node_modules/expect
456 silly ADD node_modules/csstype
457 silly ADD node_modules/@types/prop-types
458 silly ADD node_modules/@types/react
459 silly ADD node_modules/@types/react-dom
460 silly ADD node_modules/redent
461 silly ADD node_modules/css.escape
462 silly ADD node_modules/@types/testing-library__jest-dom
463 silly ADD node_modules/@adobe/css-tools
464 silly ADD node_modules/lz-string
465 silly ADD node_modules/dom-accessibility-api
466 silly ADD node_modules/@types/aria-query
467 silly ADD node_modules/web-vitals
468 silly ADD node_modules/@testing-library/dom
469 silly ADD node_modules/@testing-library/dom/node_modules/has-flag
470 silly ADD node_modules/@testing-library/dom/node_modules/color-name
471 silly ADD node_modules/@testing-library/dom/node_modules/color-convert
472 silly ADD node_modules/@testing-library/dom/node_modules/supports-color
473 silly ADD node_modules/@testing-library/dom/node_modules/ansi-styles
474 silly ADD node_modules/@testing-library/dom/node_modules/chalk
475 silly ADD node_modules/@testing-library/dom/node_modules/aria-query
476 silly ADD node_modules/@testing-library/user-event
477 silly ADD node_modules/@testing-library/react
478 silly ADD node_modules/@testing-library/react/node_modules/has-flag
479 silly ADD node_modules/@testing-library/react/node_modules/color-name
480 silly ADD node_modules/@testing-library/react/node_modules/color-convert
481 silly ADD node_modules/@testing-library/react/node_modules/supports-color
482 silly ADD node_modules/@testing-library/react/node_modules/ansi-styles
483 silly ADD node_modules/@testing-library/react/node_modules/chalk
484 silly ADD node_modules/@testing-library/react/node_modules/@testing-library/dom
485 silly ADD node_modules/@testing-library/jest-dom
486 silly ADD node_modules/@testing-library/jest-dom/node_modules/has-flag
487 silly ADD node_modules/@testing-library/jest-dom/node_modules/color-name
488 silly ADD node_modules/@testing-library/jest-dom/node_modules/color-convert
489 silly ADD node_modules/@testing-library/jest-dom/node_modules/supports-color
490 silly ADD node_modules/@testing-library/jest-dom/node_modules/ansi-styles
491 silly ADD node_modules/@testing-library/jest-dom/node_modules/chalk
492 silly ADD
493 silly CHANGE node_modules/typescript
494 timing command:install Completed in 12002ms
495 verbose exit 0
496 timing npm Completed in 12069ms
497 info ok
